inux-gnu/libstdc++.so.6.0.30)
==192864==    by 0x11A51E: Attribute::Attribute(Attribute const&) (attribute.h:4)
==192864==    by 0x11CF4E: void __gnu_cxx::new_allocator<std::_List_node<Attribute> >::construct<Attribute, Attribute const&>(Attribute*, Attribute const&) (new_allocator.h:162)
==192864==    by 0x11CDCA: void std::allocator_traits<std::allocator<std::_List_node<Attribute> > >::construct<Attribute, Attribute const&>(std::allocator<std::_List_node<Attribute> >&, Attribute*, Attribute const&) (alloc_traits.h:516)
==192864==    by 0x11CBDC: std::_List_node<Attribute>* std::__cxx11::list<Attribute, std::allocator<Attribute> >::_M_create_node<Attribute const&>(Attribute const&) (stl_list.h:637)
==192864==    by 0x11C7FD: void std::__cxx11::list<Attribute, std::allocator<Attribute> >::_M_insert<Attribute const&>(std::_List_iterator<Attribute>, Attribute const&) (stl_list.h:1911)
==192864==    by 0x11C4C4: Attribute& std::__cxx11::list<Attribute, std::allocator<Attribute> >::emplace_back<Attribute const&>(Attribute const&) (stl_list.h:1227)
==192864==    by 0x11BFE3: void std::__cxx11::list<Attribute, std::allocator<Attribute> >::_M_initialize_dispatch<std::_List_const_iterator<Attribute> >(std::_List_const_iterator<Attribute>, std::_List_const_iterator<Attribute>, std::__false_type) (stl_list.h:1840)
==192864==    by 0x126C00: std::__cxx11::list<Attribute, std::allocator<Attribute> >::list<std::_List_const_iterator<Attribute>, void>(std::_List_const_iterator<Attribute>, std::_List_const_iterator<Attribute>, std::allocator<Attribute> const&) (stl_list.h:806)
==192864==    by 0x126346: std::_List_iterator<Attribute> std::__cxx11::list<Attribute, std::allocator<Attribute> >::insert<std::_List_const_iterator<Attribute>, void>(std::_List_const_iterator<Attribute>, std::_List_const_iterator<Attribute>, std::_List_const_iterator<Attribute>) (list.tcc:137)
==192864==    by 0x125C48: void std::__cxx11::list<Attribute, std::allocator<Attribute> >::_M_assign_dispatch<std::_List_const_iterator<Attribute> >(std::_List_const_iterator<Attribute>, std::_List_const_iterator<Attribute>, std::__false_type) (list.tcc:320)
==192864== 
==192864== 304 bytes in 1 blocks are possibly lost in loss record 57 of 90
==192864==    at 0x484DA83: calloc (in /usr/libexec/valgrind/vgpreload_memcheck-amd64-linux.so)
==192864==    by 0x40147D9: calloc (rtld-malloc.h:44)
==192864==    by 0x40147D9: allocate_dtv (dl-tls.c:375)
==192864==    by 0x40147D9: _dl_allocate_tls (dl-tls.c:634)
==192864==    by 0x4BDC834: allocate_stack (allocatestack.c:430)
==192864==    by 0x4BDC834: pthread_create@@GLIBC_2.34 (pthread_create.c:647)
==192864==    by 0x49D9388: std::thread::_M_start_thread(std::unique_ptr<std::thread::_State, std::default_delete<std::thread::_State> >, void (*)()) (in /usr/lib/x86_64-linux-gnu/libstdc++.so.6.0.30)
==192864==    by 0x121D3D: std::thread::thread<void (&)(int, std::__cxx11::basic_string<char, std::char_traits<char>, std::allocator<char> >, int, int), int, std::__cxx11::basic_string<char, std::char_traits<char>, std::allocator<char> >&, int&, int&, void>(void (&)(int, std::__cxx11::basic_string<char, std::char_traits<char>, std::allocator<char> >, int, int), int&&, std::__cxx11::basic_string<char, std::char_traits<char>, std::allocator<char> >&, int&, int&) (std_thread.h:143)
==192864==    by 0x1214E7: void __gnu_cxx::new_allocator<std::thread>::construct<std::thread, void (&)(int, std::__cxx11::basic_string<char, std::char_traits<char>, std::allocator<char> >, int, int), int, std::__cxx11::basic_string<char, std::char_traits<char>, std::allocator<char> >&, int&, int&>(std::thread*, void (&)(int, std::__cxx11::basic_string<char, std::char_traits<char>, std::allocator<char> >, int, int), int&&, std::__cxx11::basic_string<char, std::char_traits<char>, std::allocator<char> >&, int&, int&) (new_allocator.h:162)
==192864==    by 0x120BD2: void std::allocator_traits<std::allocator<std::thread> >::construct<std::thread, void (&)(int, std::__cxx11::basic_string<char, std::char_traits<char>, std::allocator<char> >, int, int), int, std::__cxx11::basic_string<char, std::char_traits<char>, std::allocator<char> >&, int&, int&>(std::allocator<std::thread>&, std::thread*, void (&)(int, std::__cxx11::basic_string<char, std::char_traits<char>, std::allocator<char> >, int, int), int&&, std::__cxx11::basic_string<char, std::char_traits<char>, std::allocator<char> >&, int&, int&) (alloc_traits.h:516)
==192864==    by 0x1203B8: std::thread& std::vector<std::thread, std::allocator<std::thread> >::emplace_back<void (&)(int, std::__cxx11::basic_string<char, std::char_traits<char>, std::allocator<char> >, int, int), int, std::__cxx11::basic_string<char, std::char_traits<char>, std::allocator<char> >&, int&, int&>(void (&)(int, std::__cxx11::basic_string<char, std::char_traits<char>, std::allocator<char> >, int, int), int&&, std::__cxx11::basic_string<char, std::char_traits<char>, std::allocator<char> >&, int&, int&) (vector.tcc:115)
==192864==    by 0x11DF86: create_table_test_random(std::__cxx11::basic_string<char, std::char_traits<char>, std::allocator<char> >) (test.cpp:159)
==192864==    by 0x10F0D3: main (app.cpp:24)
==192864== 
==192864== 384 bytes in 6 blocks are still reachable in loss record 58 of 90
==192864==    at 0x4849013: operator new(unsigned long) (in /usr/libexec/valgrind/vgpreload_memcheck-amd64-linux.so)
==192864==    by 0x11CE47: __gnu_cxx::new_allocator<std::_List_node<Attribute> >::allocate(unsigned long, void const*) (new_allocator.h:127)
==192864==    by 0x11CC66: std::allocator_traits<std::allocator<std::_List_node<Attribute> > >::allocate(std::allocator<std::_List_node<Attribute> >&, unsigned long) (alloc_traits.h:464)
==192864==    by 0x11C84A: std::__cxx11::_List_base<Attribute, std::allocator<Attribute> >::_M_get_node() (stl_list.h:442)
==192864==    by 0x11CB81: std::_List_node<Attribute>* std::__cxx11::list<Attribute, std::allocator<Attribute> >::_M_create_node<Attribute const&>(Attribute const&) (stl_list.h:634)
==192864==    by 0x11C7FD: void std::__cxx11::list<Attribute, std::allocator<Attribute> >::_M_insert<Attribute const&>(std::_List_iterator<Attribute>, Attribute const&) (stl_list.h:1911)
==192864==    by 0x11C4C4: Attribute& std::__cxx11::list<Attribute, std::allocator<Attribute> >::emplace_back<Attribute const&>(Attribute const&) (stl_list.h:1227)
==192864==    by 0x11BFE3: void std::__cxx11::list<Attribute, std::allocator<Attribute> >::_M_initialize_dispatch<std::_List_const_iterator<Attribute> >(std::_List_const_iterator<Attribute>, std::_List_const_iterator<Attribute>, std::__false_type) (stl_list.h:1840)
==192864==    by 0x11B8BC: std::__cxx11::list<Attribute, std::allocator<Attribute> >::list(std::__cxx11::list<Attribute, std::allocator<Attribute> > const&) (stl_list.h:738)
==192864==    by 0x1243F0: RelationCatalogEntry::getAttributes[abi:cxx11]() (relcat.cpp:13)
==192864==    by 0x11170A: QEP::handleJoin(int, hsql::SelectStatement const*) (dispatcher.cpp:283)
==192864==    by 0x1120A9: QEP::handleSelect(int) (dispatcher.cpp:422)
==192864== 
==192864== 512 bytes in 1 blocks are still reachable in loss record 59 of 90
==192864==    at 0x4849013: operator new(unsigned long) (in /usr/libexec/valgrind/vgpreload_memcheck-amd64-linux.so)
==192864==    by 0x119077: __gnu_cxx::new_allocator<MorselContainer>::allocate(unsigned long, void const*) (new_allocator.h:127)
==192864==    by 0x118C96: std::allocator_traits<std::allocator<MorselContainer> >::allocate(std::allocator<MorselContainer>&, unsigned long) (alloc_traits.h:464)
==192864==    by 0x118489: std::_Deque_base<MorselContainer, std::allocator<MorselContainer> >::_M_allocate_node() (stl_deque.h:561)
==192864==    by 0x11755C: std::_Deque_base<MorselContainer, std::allocator<MorselContainer> >::_M_create_nodes(MorselContainer**, MorselContainer**) (stl_deque.h:662)
==192864==    by 0x115BF1: std::_Deque_base<MorselContainer, std::allocator<MorselContainer> >::_M_initialize_map(unsigned long) (stl_deque.h:636)
==192864==    by 0x11479B: std::_Deque_base<MorselContainer, std::allocator<MorselContainer> >::_Deque_base() (stl_deque.h:438)
==192864==    by 0x113835: std::deque<MorselContainer, std::allocator<MorselContainer> >::deque() (stl_deque.h:833)
==192864==    by 0x1138A8: std::queue<MorselContainer, std::deque<MorselContainer, std::allocator<MorselContainer> > >::queue<std::deque<MorselContainer, std::allocator<MorselContainer> >, void>() (stl_queue.h:167)
==192864==    by 0x1126A2: __static_initialization_and_destruction_0(int, int) (dispatcher.cpp:6)
==192864==    by 0x1126DF: _GLOBAL__sub_I__ZN3QEP9statementE (dispatcher.cpp:563)
==192864==    by 0x4B70EBA: call_init (libc-start.c:145)
==192864==    by 0x4B70EBA: __libc_start_main@@GLIBC_2.34 (libc-start.c:379)
==192864== 
==192864== 512 bytes in 1 blocks are still reachable in loss record 60 of 90
==192864==    at 0x4848899: malloc (in /usr/libexec/valgrind/vgpreload_memcheck-amd64-linux.so)
==192864==    by 0x11A11F: fn_join_loop(LoopFnArgs) (loop_functions.cpp:116)
==192864==    by 0x11805A: bool std::__invoke_impl<bool, bool (*&)(LoopFnArgs), LoopFnArgs>(std::__invoke_other, bool (*&)(LoopFnArgs), LoopFnArgs&&) (invoke.h:61)
==192864==    by 0x116AD7: std::enable_if<is_invocable_r_v<bool, bool (*&)(LoopFnArgs), LoopFnArgs>, bool>::type std::__invoke_r<bool, bool (*&)(LoopFnArgs), LoopFnArgs>(bool (*&)(LoopFnArgs), LoopFnArgs&&) (invoke.h:114)
==192864==    by 0x115027: std::_Function_handler<bool (LoopFnArgs), bool (*)(LoopFnArgs)>::_M_invoke(std::_Any_data const&, LoopFnArgs&&) (std_function.h:290)
==192864==    by 0x1242E7: std::function<bool (LoopFnArgs)>::operator()(LoopFnArgs) const (std_function.h:590)
==192864==    by 0x124205: Operator::loop(std::function<bool (LoopFnArgs)>, LoopFnArgs, int) (operators.cpp:50)
==192864==    by 0x111CEC: QEP::handleJoin(int, hsql::SelectStatement const*) (dispatcher.cpp:387)
==192864==    by 0x1120A9: QEP::handleSelect(int) (dispatcher.cpp:422)
==192864==    by 0x112508: QEP::execute(int) (dispatcher.cpp:514)
==192864==    by 0x110523: int std::__invoke_impl<int, int (*)(int), int>(std::__invoke_other, int (*&&)(int), int&&) (invoke.h:61)
==192864==    by 0x110499: std::__invoke_result<int (*)(int), int>::type std::__invoke<int (*)(int), int>(int (*&&)(int), int&&) (invoke.h:96)
==192864== 
==192864== 576 bytes in 9 blocks are still reachable in loss record 61 of 90
==192864==    at 0x4849013: operator new(unsigned long) (in /usr/libexec/valgrind/vgpreload_memcheck-amd64-linux.so)
==192864==    by 0x11CE47: __gnu_cxx::new_allocator<std::_List_node<Attribute> >::allocate(unsigned long, void const*) (new_allocator.h:127)
==192864==    by 0x11CC66: std::allocator_traits<std::allocator<std::_List_node<Attribute> > >::allocate(std::allocator<std::_List_node<Attribute> >&, unsigned long) (alloc_traits.h:464)
==192864==    by 0x11C84A: std::__cxx11::_List_base<Attribute, std::allocator<Attribute> >::_M_get_node() (stl_list.h:442)
==192864==    by 0x11CB81: std::_List_node<Attribute>* std::__cxx11::list<Attribute, std::allocator<Attribute> >::_M_create_node<Attribute const&>(Attribute const&) (stl_list.h:634)
==192864==    by 0x11C7FD: void std::__cxx11::list<Attribute, std::allocator<Attribute> >::_M_insert<Attribute const&>(std::_List_iterator<Attribute>, Attribute const&) (stl_list.h:1911)
==192864==    by 0x11C4C4: Attribute& std::__cxx11::list<Attribute, std::allocator<Attribute> >::emplace_back<Attribute const&>(Attribute const&) (stl_list.h:1227)
==192864==    by 0x11BFE3: void std::__cxx11::list<Attribute, std::allocator<Attribute> >::_M_initialize_dispatch<std::_List_const_iterator<Attribute> >(std::_List_const_iterator<Attribute>, std::_List_const_iterator<Attribute>, std::__false_type) (stl_list.h:1840)
==192864==    by 0x11B8BC: std::__cxx11::list<Attribute, std::allocator<Attribute> >::list(std::__cxx11::list<Attribute, std::allocator<Attribute> > const&) (stl_list.h:738)
==192864==    by 0x1243F0: RelationCatalogEntry::getAttributes[abi:cxx11]() (relcat.cpp:13)
==192864==    by 0x11A63E: TupleStream::TupleStream(RelationCatalogEntry*, int) (tuple.cpp:23)
==192864==    by 0x112C9E: ReadTupleStream::ReadTupleStream(RelationCatalogEntry*, int) (tuple.h:50)
==192864== 
==192864== 640 bytes in 4 blocks are still reachable in loss record 62 of 90
==192864==    at 0x4849013: operator new(unsigned long) (in /usr/libexec/valgrind/vgpreload_memcheck-amd64-linux.so)
==192864==    by 0x48C6F90: hsql::Expr::makeColumnRef(char*, char*) (Expr.cpp:193)
==192864==    by 0x48AB69A: hsql_parse(hsql::SQLParserResult*, void*) (bison_parser.y:1049)
==192864==    by 0x48A0952: hsql::SQLParser::parse(std::__cxx11::basic_string<char, std::char_traits<char>, std::allocator<char> > const&, hsql::SQLParserResult*) (SQLParser.cpp:27)
==192864==    by 0x10F246: main (app.cpp:48)
==192864== 
==192864== 704 bytes in 11 blocks are still reachable in loss record 63 of 90
==192864==    at 0x4849013: operator new(unsigned long) (in /usr/libexec/valgrind/vgpreload_memcheck-amd64-linux.so)
==192864==    by 0x11CE47: __gnu_cxx::new_allocator<std::_List_node<Attribute> >::allocate(unsigned long, void const*) (new_allocator.h:127)
==192864==    by 0x11CC66: std::allocator_traits<std::allocator<std::_List_node<Attribute> > >::allocate(std::allocator<std::_List_node<Attribute> >&, unsigned long) (alloc_traits.h:464)
==192864==    by 0x11C84A: std::__cxx11::_List_base<Attribute, std::allocator<Attribute> >::_M_get_node() (stl_list.h:442)
==192864==    by 0x11CB81: std::_List_node<Attribute>* std::__cxx11::list<Attribute, std::allocator<Attribute> >::_M_create_node<Attribute const&>(Attribute const&) (stl_list.h:634)
==192864==    by 0x11C7FD: void std::__cxx11::list<Attribute, std::allocator<Attribute> >::_M_insert<Attribute const&>(std::_List_iterator<Attribute>, Attribute const&) (stl_list.h:1911)
==192864==    by 0x11C4C4: Attribute& std::__cxx11::list<Attribute, std::allocator<Attribute> >::emplace_back<Attribute const&>(Attribute const&) (stl_list.h:1227)
==192864==    by 0x11BFE3: void std::__cxx11::list<Attribute, std::allocator<Attribute> >::_M_initialize_dispatch<std::_List_const_iterator<Attribute> >(std::_List_const_iterator<Attribute>, std::_List_const_iterator<Attribute>, std::__false_type) (stl_list.h:1840)
==192864==    by 0x11B8BC: std::__cxx11::list<Attribute, std::allocator<Attribute> >::list(std::__cxx11::list<Attribute, std::allocator<Attribute> > const&) (stl_list.h:738)
==192864==    by 0x1271A8: RelationCatalogEntry::RelationCatalogEntry(RelationCatalogEntry const&) (relcat.h:13)
==192864==    by 0x12724E: void __gnu_cxx::new_allocator<std::_List_node<RelationCatalogEntry> >::construct<RelationCatalogEntry, RelationCatalogEntry&>(RelationCatalogEntry*, RelationCatalogEntry&) (new_allocator.h:162)
==192864==    by 0x126D70: void std::allocator_traits<std::allocator<std::_List_node<RelationCatalogEntry> > >::construct<RelationCatalogEntry, RelationCatalogEntry&>(std::allocator<std::_List_node<RelationCatalogEntry> >&, RelationCatalogEntry*, RelationCatalogEntry&) (alloc_traits.h:516)
==192864== 
==192864== 912 bytes in 3 blocks are possibly lost in loss record 64 of 90
==192864==    at 0x484DA83: calloc (in /usr/libexec/valgrind/vgpreload_memcheck-amd64-linux.so)
==192864==    by 0x40147D9: calloc (rtld-malloc.h:44)
==192864==    by 0x40147D9: allocate_dtv (dl-tls.c:375)
==192864==    by 0x40147D9: _dl_allocate_tls (dl-tls.c:634)
==192864==    by 0x4BDC834: allocate_stack (allocatestack.c:430)
==192864==    by 0x4BDC834: pthread_create@@GLIBC_2.34 (pthread_create.c:647)
==192864==    by 0x49D9388: std::thread::_M_start_thread(std::unique_ptr<std::thread::_State, std::default_delete<std::thread::_State> >, void (*)()) (in /usr/lib/x86_64-linux-gnu/libstdc++.so.6.0.30)
==192864==    by 0x121D3D: std::thread::thread<void (&)(int, std::__cxx11::basic_string<char, std::char_traits<char>, std::allocator<char> >, int, int), int, std::__cxx11::basic_string<char, std::char_traits<char>, std::allocator<char> >&, int&, int&, void>(void (&)(int, std::__cxx11::basic_string<char, std::char_traits<char>, std::allocator<char> >, int, int), int&&, std::__cxx11::basic_string<char, std::char_traits<char>, std::allocator<char> >&, int&, int&) (std_thread.h:143)
==192864==    by 0x1214E7: void __gnu_cxx::new_allocator<std::thread>::construct<std::thread, void (&)(int, std::__cxx11::basic_string<char, std::char_traits<char>, std::allocator<char> >, int, int), int, std::__cxx11::basic_string<char, std::char_traits<char>, std::allocator<char> >&, int&, int&>(std::thread*, void (&)(int, std::__cxx11::basic_string<char, std::char_traits<char>, std::allocator<char> >, int, int), int&&, std::__cxx11::basic_string<char, std::char_traits<char>, std::allocator<char> >&, int&, int&) (new_allocator.h:162)
==192864==    by 0x120BD2: void std::allocator_traits<std::allocator<std::thread> >::construct<std::thread, void (&)(int, std::__cxx11::basic_string<char, std::char_traits<char>, std::allocator<char> >, int, int), int, std::__cxx11::basic_string<char, std::char_traits<char>, std::allocator<char> >&, int&, int&>(std::allocator<std::thread>&, std::thread*, void (&)(int, std::__cxx11::basic_string<char, std::char_traits<char>, std::allocator<char> >, int, int), int&&, std::__cxx11::basic_string<char, std::char_traits<char>, std::allocator<char> >&, int&, int&) (alloc_traits.h:516)
==192864==    by 0x120D7B: void std::vector<std::thread, std::allocator<std::thread> >::_M_realloc_insert<void (&)(int, std::__cxx11::basic_string<char, std::char_traits<char>, std::allocator<char> >, int, int), int, std::__cxx11::basic_string<char, std::char_traits<char>, std::allocator<char> >&, int&, int&>(__gnu_cxx::__normal_iterator<std::thread*, std::vector<std::thread, std::allocator<std::thread> > >, void (&)(int, std::__cxx11::basic_string<char, std::char_traits<char>, std::allocator<char> >, int, int), int&&, std::__cxx11::basic_string<char, std::char_traits<char>, std::allocator<char> >&, int&, int&) (vector.tcc:449)
==192864==    by 0x120449: std::thread& std::vector<std::thread, std::allocator<std::thread> >::emplace_back<void (&)(int, std::__cxx11::basic_string<char, std::char_traits<char>, std::allocator<char> >, int, int), int, std::__cxx11::basic_string<char, std::char_traits<char>, std::allocator<char> >&, int&, int&>(void (&)(int, std::__cxx11::basic_string<char, std::char_traits<char>, std::allocator<char> >, int, int), int&&, std::__cxx11::basic_string<char, std::char_traits<char>, std::allocator<char> >&, int&, int&) (vector.tcc:121)
==192864==    by 0x11DF86: create_table_test_random(std::__cxx11::basic_string<char, std::char_traits<char>, std::allocator<char> >) (test.cpp:159)
==192864==    by 0x10F0D3: main (app.cpp:24)
==192864== 
==192864== 1,024 bytes in 1 blocks are still reachable in loss record 65 of 90
==192864==    at 0x4848899: malloc (in /usr/libexec/valgrind/vgpreload_memcheck-amd64-linux.so)
==192864==    by 0x4BC5C23: _IO_file_doallocate (filedoalloc.c:101)
==192864==    by 0x4BD4D5F: _IO_doallocbuf (genops.c:347)
==192864==    by 0x4BD3FDF: _IO_file_overflow@@GLIBC_2.2.5 (fileops.c:744)
==192864==    by 0x4BD2754: _IO_new_file_xsputn (fileops.c:1243)
==192864==    by 0x4BD2754: _IO_file_xsputn@@GLIBC_2.2.5 (fileops.c:1196)
==192864==    by 0x4BC7056: fwrite (iofwrite.c:39)
==192864==    by 0x4A39B34: std::basic_ostream<char, std::char_traits<char> >& std::__ostream_insert<char, std::char_traits<char> >(std::basic_ostream<char, std::char_traits<char> >&, char const*, long) (in /usr/lib/x86_64-linux-gnu/libstdc++.so.6.0.30)
==192864==    by 0x4A39E8A: std::basic_ostream<char, std::char_traits<char> >& std::operator<< <std::char_traits<char> >(std::basic_ostream<char, std::char_traits<char> >&, char const*) (in /usr/lib/x86_64-linux-gnu/libstdc++.so.6.0.30)
==192864==    by 0x10F123: main (app.cpp:30)
==192864== 
==192864== 1,024 bytes in 1 blocks are still reachable in loss record 66 of 90
==192864==    at 0x4848899: malloc (in /usr/libexec/valgrind/vgpreload_memcheck-amd64-linux.so)
==192864==    by 0x4BC5C23: _IO_file_doallocate (filedoalloc.c:101)
==192864==    by 0x4BD4D5F: _IO_doallocbuf (genops.c:347)
==192864==    by 0x4BD3D5B: _IO_file_underflow@@GLIBC_2.2.5 (fileops.c:485)
==192864==    by 0x4BD4E15: _IO_default_uflow (genops.c:362)
==192864==    by 0x4BCEB17: getc (getc.c:40)
==192864==    by 0x4A0F6F0: __gnu_cxx::stdio_sync_filebuf<char, std::char_traits<char> >::underflow() (in /usr/lib/x86_64-linux-gnu/libstdc++.so.6.0.30)
==192864==    by 0x49C5829: std::basic_istream<char, std::char_traits<char> >& std::getline<char, std::char_traits<char>, std::allocator<char> >(std::basic_istream<char, std::char_traits<char> >&, std::__cxx11::basic_string<char, std::char_traits<char>, std::allocator<char> >&, char) (in /usr/lib/x86_64-linux-gnu/libstdc++.so.6.0.30)
==192864==    by 0x10F17A: main (app.cpp:38)
==192864== 
==192864== 1,088 bytes in 17 blocks are still reachable in loss record 67 of 90
==192864==    at 0x4849013: operator new(unsigned long) (in /usr/libexec/valgrind/vgpreload_memcheck-amd64-linux.so)
==192864==    by 0x11CE47: __gnu_cxx::new_allocator<std::_List_node<Attribute> >::allocate(unsigned long, void const*) (new_allocator.h:127)
==192864==    by 0x11CC66: std::allocator_traits<std::allocator<std::_List_node<Attribute> > >::allocate(std::allocator<std::_List_node<Attribute> >&, unsigned long) (alloc_traits.h:464)
==192864==    by 0x11C84A: std::__cxx11::_List_base<Attribute, std::allocator<Attribute> >::_M_get_node() (stl_list.h:442)
==192864==    by 0x11CB81: std::_List_node<Attribute>* std::__cxx11::list<Attribute, std::allocator<Attribute> >::_M_create_node<Attribute const&>(Attribute const&) (stl_list.h:634)
==192864==    by 0x11C7FD: void std::__cxx11::list<Attribute, std::allocator<Attribute> >::_M_insert<Attribute const&>(std::_List_iterator<Attribute>, Attribute const&) (stl_list.h:1911)
==192864==    by 0x11C4C4: Attribute& std::__cxx11::list<Attribute, std::allocator<Attribute> >::emplace_back<Attribute const&>(Attribute const&) (stl_list.h:1227)
==192864==    by 0x11BFE3: void std::__cxx11::list<Attribute, std::allocator<Attribute> >::_M_initialize_dispatch<std::_List_const_iterator<Attribute> >(std::_List_const_iterator<Attribute>, std::_List_const_iterator<Attribute>, std::__false_type) (stl_list.h:1840)
==192864==    by 0x126C00: std::__cxx11::list<Attribute, std::allocator<Attribute> >::list<std::_List_const_iterator<Attribute>, void>(std::_List_const_iterator<Attribute>, std::_List_const_iterator<Attribute>, std::allocator<Attribute> const&) (stl_list.h:806)
==192864==    by 0x126346: std::_List_iterator<Attribute> std::__cxx11::list<Attribute, std::allocator<Attribute> >::insert<std::_List_const_iterator<Attribute>, void>(std::_List_const_iterator<Attribute>, std::_List_const_iterator<Attribute>, std::_List_const_iterator<Attribute>) (list.tcc:137)
==192864==    by 0x125C48: void std::__cxx11::list<Attribute, std::allocator<Attribute> >::_M_assign_dispatch<std::_List_const_iterator<Attribute> >(std::_List_const_iterator<Attribute>, std::_List_const_iterator<Attribute>, std::__false_type) (list.tcc:320)
==192864==    by 0x125468: std::__cxx11::list<Attribute, std::allocator<Attribute> >::operator=(std::__cxx11::list<Attribute, std::allocator<Attribute> > const&) (list.tcc:286)
==192864== 
==192864== 26,624 bytes in 52 blocks are possibly lost in loss record 68 of 90
==192864==    at 0x4848899: malloc (in /usr/libexec/valgrind/vgpreload_memcheck-amd64-linux.so)
==192864==    by 0x11A11F: fn_join_loop(LoopFnArgs) (loop_functions.cpp:116)
==192864==    by 0x11805A: bool std::__invoke_impl<bool, bool (*&)(LoopFnArgs), LoopFnArgs>(std::__invoke_other, bool (*&)(LoopFnArgs), LoopFnArgs&&) (invoke.h:61)
==192864==    by 0x116AD7: std::enable_if<is_invocable_r_v<bool, bool (*&)(LoopFnArgs), LoopFnArgs>, bool>::type std::__invoke_r<bool, bool (*&)(LoopFnArgs), LoopFnArgs>(bool (*&)(LoopFnArgs), LoopFnArgs&&) (invoke.h:114)
==192864==    by 0x115027: std::_Function_handler<bool (LoopFnArgs), bool (*)(LoopFnArgs)>::_M_invoke(std::_Any_data const&, LoopFnArgs&&) (std_function.h:290)
==192864==    by 0x1242E7: std::function<bool (LoopFnArgs)>::operator()(LoopFnArgs) const (std_function.h:590)
==192864==    by 0x124205: Operator::loop(std::function<bool (LoopFnArgs)>, LoopFnArgs, int) (operators.cpp:50)
==192864==    by 0x111CEC: QEP::handleJoin(int, hsql::SelectStatement const*) (dispatcher.cpp:387)
==192864==    by 0x1120A9: QEP::handleSelect(int) (dispatcher.cpp:422)
==192864==    by 0x112508: QEP::execute(int) (dispatcher.cpp:514)
==192864==    by 0x110523: int std::__invoke_impl<int, int (*)(int), int>(std::__invoke_other, int (*&&)(int), int&&) (invoke.h:61)
==192864==    by 0x110499: std::__invoke_result<int (*)(int), int>::type std::__invoke<int (*)(int), int>(int (*&&)(int), int&&) (invoke.h:96)
==192864== 
==192864== 50,400 bytes in 1,050 blocks are indirectly lost in loss record 69 of 90
==192864==    at 0x4849013: operator new(unsigned long) (in /usr/libexec/valgrind/vgpreload_memcheck-amd64-linux.so)
==192864==    by 0x118A36: __gnu_cxx::new_allocator<std::_Rb_tree_node<std::pair<int const, Morsel*> > >::allocate(unsigned long, void const*) (new_allocator.h:127)
==192864==    by 0x118159: std::allocator_traits<std::allocator<std::_Rb_tree_node<std::pair<int const, Morsel*> > > >::allocate(std::allocator<std::_Rb_tree_node<std::pair<int const, Morsel*> > >&, unsigned long) (alloc_traits.h:464)
==192864==    by 0x116DD2: std::_Rb_tree<int, std::pair<int const, Morsel*>, std::_Select1st<std::pair<int const, Morsel*> >, std::less<int>, std::allocator<std::pair<int const, Morsel*> > >::_M_get_node() (stl_tree.h:561)
==192864==    by 0x1279BB: std::_Rb_tree_node<std::pair<int const, Morsel*> >* std::_Rb_tree<int, std::pair<int const, Morsel*>, std::_Select1st<std::pair<int const, Morsel*> >, std::less<int>, std::allocator<std::pair<int const, Morsel*> > >::_M_create_node<std::pair<int const, Morsel*> const&>(std::pair<int const, Morsel*> const&) (stl_tree.h:611)
==192864==    by 0x127319: std::_Rb_tree_node<std::pair<int const, Morsel*> >* std::_Rb_tree<int, std::pair<int const, Morsel*>, std::_Select1st<std::pair<int const, Morsel*> >, std::less<int>, std::allocator<std::pair<int const, Morsel*> > >::_Reuse_or_alloc_node::operator()<std::pair<int const, Morsel*> const&>(std::pair<int const, Morsel*> const&) (stl_tree.h:476)
==192864==    by 0x126DD3: std::_Rb_tree_node<std::pair<int const, Morsel*> >* std::_Rb_tree<int, std::pair<int const, Morsel*>, std::_Select1st<std::pair<int const, Morsel*> >, std::less<int>, std::allocator<std::pair<int const, Morsel*> > >::_M_clone_node<false, std::_Rb_tree<int, std::pair<int const, Morsel*>, std::_Select1st<std::pair<int const, Morsel*> >, std::less<int>, std::allocator<std::pair<int const, Morsel*> > >::_Reuse_or_alloc_node>(std::_Rb_tree_node<std::pair<int const, Morsel*> >*, std::_Rb_tree<int, std::pair<int const, Morsel*>, std::_Select1st<std::pair<int const, Morsel*> >, std::less<int>, std::allocator<std::pair<int const, Morsel*> > >::_Reuse_or_alloc_node&) (stl_tree.h:645)
==192864==    by 0x126557: std::_Rb_tree_node<std::pair<int const, Morsel*> >* std::_Rb_tree<int, std::pair<int const, Morsel*>, std::_Select1st<std::pair<int const, Morsel*> >, std::less<int>, std::allocator<std::pair<int const, Morsel*> > >::_M_copy<false, std::_Rb_tree<int, std::pair<int const, Morsel*>, std::_Select1st<std::pair<int const, Morsel*> >, std::less<int>, std::allocator<std::pair<int const, Morsel*> > >::_Reuse_or_alloc_node>(std::_Rb_tree_node<std::pair<int const, Morsel*> >*, std::_Rb_tree_node_base*, std::_Rb_tree<int, std::pair<int const, Morsel*>, std::_Select1st<std::pair<int const, Morsel*> >, std::less<int>, std::allocator<std::pair<int const, Morsel*> > >::_Reuse_or_alloc_node&) (stl_tree.h:1849)
==192864==    by 0x125EF8: std::_Rb_tree_node<std::pair<int const, Morsel*> >* std::_Rb_tree<int, std::pair<int const, Morsel*>, std::_Select1st<std::pair<int const, Morsel*> >, std::less<int>, std::allocator<std::pair<int const, Morsel*> > >::_M_copy<false, std::_Rb_tree<int, std::pair<int const, Morsel*>, std::_Select1st<std::pair<int const, Morsel*> >, std::less<int>, std::allocator<std::pair<int const, Morsel*> > >::_Reuse_or_alloc_node>(std::_Rb_tree<int, std::pair<int const, Morsel*>, std::_Select1st<std::pair<int const, Morsel*> >, std::less<int>, std::allocator<std::pair<int const, Morsel*> > > const&, std::_Rb_tree<int, std::pair<int const, Morsel*>, std::_Select1st<std::pair<int const, Morsel*> >, std::less<int>, std::allocator<std::pair<int const, Morsel*> > >::_Reuse_or_alloc_node&) (stl_tree.h:890)
==192864==    by 0x125710: std::_Rb_tree<int, std::pair<int const, Morsel*>, std::_Select1st<std::pair<int const, Morsel*> >, std::less<int>, std::allocator<std::pair<int const, Morsel*> > >::operator=(std::_Rb_tree<int, std::pair<int const, Morsel*>, std::_Select1st<std::pair<int const, Morsel*> >, std::less<int>, std::allocator<std::pair<int const, Morsel*> > > const&) (stl_tree.h:1757)
==192864==    by 0x125234: std::map<int, Morsel*, std::less<int>, std::allocator<std::pair<int const, Morsel*> > >::operator=(std::map<int, Morsel*, std::less<int>, std::allocator<std::pair<int const, Morsel*> > > const&) (stl_map.h:319)
==192864==    by 0x124B77: RelationCatalog::getTableEntry(std::__cxx11::basic_string<char, std::char_traits<char>, std::allocator<char> > const&, RelationCatalogEntry*) (relcat.cpp:131)
==192864== 
==192864== 50,400 bytes in 1,050 blocks are indirectly lost in loss record 70 of 90
==192864==    at 0x4849013: operator new(unsigned long) (in /usr/libexec/valgrind/vgpreload_memcheck-amd64-linux.so)
==192864==    by 0x118A36: __gnu_cxx::new_allocator<std::_Rb_tree_node<std::pair<int const, Morsel*> > >::allocate(unsigned long, void const*) (new_allocator.h:127)
==192864==    by 0x118159: std::allocator_traits<std::allocator<std::_Rb_tree_node<std::pair<int const, Morsel*> > > >::allocate(std::allocator<std::_Rb_tree_node<std::pair<int const, Morsel*> > >&, unsigned long) (alloc_traits.h:464)
==192864==    by 0x116DD2: std::_Rb_tree<int, std::pair<int const, Morsel*>, std::_Select1st<std::pair<int const, Morsel*> >, std::less<int>, std::allocator<std::pair<int const, Morsel*> > >::_M_get_node() (stl_tree.h:561)
==192864==    by 0x1279BB: std::_Rb_tree_node<std::pair<int const, Morsel*> >* std::_Rb_tree<int, std::pair<int const, Morsel*>, std::_Select1st<std::pair<int const, Morsel*> >, std::less<int>, std::allocator<std::pair<int const, Morsel*> > >::_M_create_node<std::pair<int const, Morsel*> const&>(std::pair<int const, Morsel*> const&) (stl_tree.h:611)
==192864==    by 0x127319: std::_Rb_tree_node<std::pair<int const, Morsel*> >* std::_Rb_tree<int, std::pair<int const, Morsel*>, std::_Select1st<std::pair<int const, Morsel*> >, std::less<int>, std::allocator<std::pair<int const, Morsel*> > >::_Reuse_or_alloc_node::operator()<std::pair<int const, Morsel*> const&>(std::pair<int const, Morsel*> const&) (stl_tree.h:476)
==192864==    by 0x126DD3: std::_Rb_tree_node<std::pair<int const, Morsel*> >* std::_Rb_tree<int, std::pair<int const, Morsel*>, std::_Select1st<std::pair<int const, Morsel*> >, std::less<int>, std::allocator<std::pair<int const, Morsel*> > >::_M_clone_node<false, std::_Rb_tree<int, std::pair<int const, Morsel*>, std::_Select1st<std::pair<int const, Morsel*> >, std::less<int>, std::allocator<std::pair<int const, Morsel*> > >::_Reuse_or_alloc_node>(std::_Rb_tree_node<std::pair<int const, Morsel*> >*, std::_Rb_tree<int, std::pair<int const, Morsel*>, std::_Select1st<std::pair<int const, Morsel*> >, std::less<int>, std::allocator<std::pair<int const, Morsel*> > >::_Reuse_or_alloc_node&) (stl_tree.h:645)
==192864==    by 0x126557: std::_Rb_tree_node<std::pair<int const, Morsel*> >* std::_Rb_tree<int, std::pair<int const, Morsel*>, std::_Select1st<std::pair<int const, Morsel*> >, std::less<int>, std::allocator<std::pair<int const, Morsel*> > >::_M_copy<false, std::_Rb_tree<int, std::pair<int const, Morsel*>, std::_Select1st<std::pair<int const, Morsel*> >, std::less<int>, std::allocator<std::pair<int const, Morsel*> > >::_Reuse_or_alloc_node>(std::_Rb_tree_node<std::pair<int const, Morsel*> >*, std::_Rb_tree_node_base*, std::_Rb_tree<int, std::pair<int const, Morsel*>, std::_Select1st<std::pair<int const, Morsel*> >, std::less<int>, std::allocator<std::pair<int const, Morsel*> > >::_Reuse_or_alloc_node&) (stl_tree.h:1849)
==192864==    by 0x126597: std::_Rb_tree_node<std::pair<int const, Morsel*> >* std::_Rb_tree<int, std::pair<int const, Morsel*>, std::_Select1st<std::pair<int const, Morsel*> >, std::less<int>, std::allocator<std::pair<int const, Morsel*> > >::_M_copy<false, std::_Rb_tree<int, std::pair<int const, Morsel*>, std::_Select1st<std::pair<int const, Morsel*> >, std::less<int>, std::allocator<std::pair<int const, Morsel*> > >::_Reuse_or_alloc_node>(std::_Rb_tree_node<std::pair<int const, Morsel*> >*, std::_Rb_tree_node_base*, std::_Rb_tree<int, std::pair<int const, Morsel*>, std::_Select1st<std::pair<int const, Morsel*> >, std::less<int>, std::allocator<std::pair<int const, Morsel*> > >::_Reuse_or_alloc_node&) (stl_tree.h:1856)
==192864==    by 0x125EF8: std::_Rb_tree_node<std::pair<int const, Morsel*> >* std::_Rb_tree<int, std::pair<int const, Morsel*>, std::_Select1st<std::pair<int const, Morsel*> >, std::less<int>, std::allocator<std::pair<int const, Morsel*> > >::_M_copy<false, std::_Rb_tree<int, std::pair<int const, Morsel*>, std::_Select1st<std::pair<int const, Morsel*> >, std::less<int>, std::allocator<std::pair<int const, Morsel*> > >::_Reuse_or_alloc_node>(std::_Rb_tree<int, std::pair<int const, Morsel*>, std::_Select1st<std::pair<int const, Morsel*> >, std::less<int>, std::allocator<std::pair<int const, Morsel*> > > const&, std::_Rb_tree<int, std::pair<int const, Morsel*>, std::_Select1st<std::pair<int const, Morsel*> >, std::less<int>, std::allocator<std::pair<int const, Morsel*> > >::_Reuse_or_alloc_node&) (stl_tree.h:890)
==192864==    by 0x125710: std::_Rb_tree<int, std::pair<int const, Morsel*>, std::_Select1st<std::pair<int const, Morsel*> >, std::less<int>, std::allocator<std::pair<int const, Morsel*> > >::operator=(std::_Rb_tree<int, std::pair<int const, Morsel*>, std::_Select1st<std::pair<int const, Morsel*> >, std::less<int>, std::allocator<std::pair<int const, Morsel*> > > const&) (stl_tree.h:1757)
==192864==    by 0x125234: std::map<int, Morsel*, std::less<int>, std::allocator<std::pair<int const, Morsel*> > >::operator=(std::map<int, Morsel*, std::less<int>, std::allocator<std::pair<int const, Morsel*> > > const&) (stl_map.h:319)
==192864== 
==192864== 50,400 bytes in 1,050 blocks are indirectly lost in loss record 71 of 90
==192864==    at 0x4849013: operator new(unsigned long) (in /usr/libexec/valgrind/vgpreload_memcheck-amd64-linux.so)
==192864==    by 0x118A36: __gnu_cxx::new_allocator<std::_Rb_tree_node<std::pair<int const, Morsel*> > >::allocate(unsigned long, void const*) (new_allocator.h:127)
==192864==    by 0x118159: std::allocator_traits<std::allocator<std::_Rb_tree_node<std::pair<int const, Morsel*> > > >::allocate(std::allocator<std::_Rb_tree_node<std::pair<int const, Morsel*> > >&, unsigned long) (alloc_traits.h:464)
==192864==    by 0x116DD2: std::_Rb_tree<int, std::pair<int const, Morsel*>, std::_Select1st<std::pair<int const, Morsel*> >, std::less<int>, std::allocator<std::pair<int const, Morsel*> > >::_M_get_node() (stl_tree.h:561)
==192864==    by 0x1279BB: std::_Rb_tree_node<std::pair<int const, Morsel*> >* std::_Rb_tree<int, std::pair<int const, Morsel*>, std::_Select1st<std::pair<int const, Morsel*> >, std::less<int>, std::allocator<std::pair<int const, Morsel*> > >::_M_create_node<std::pair<int const, Morsel*> const&>(std::pair<int const, Morsel*> const&) (stl_tree.h:611)
==192864==    by 0x127319: std::_Rb_tree_node<std::pair<int const, Morsel*> >* std::_Rb_tree<int, std::pair<int const, Morsel*>, std::_Select1st<std::pair<int const, Morsel*> >, std::less<int>, std::allocator<std::pair<int const, Morsel*> > >::_Reuse_or_alloc_node::operator()<std::pair<int const, Morsel*> const&>(std::pair<int const, Morsel*> const&) (stl_tree.h:476)
==192864==    by 0x126DD3: std::_Rb_tree_node<std::pair<int const, Morsel*> >* std::_Rb_tree<int, std::pair<int const, Morsel*>, std::_Select1st<std::pair<int const, Morsel*> >, std::less<int>, std::allocator<std::pair<int const, Morsel*> > >::_M_clone_node<false, std::_Rb_tree<int, std::pair<int const, Morsel*>, std::_Select1st<std::pair<int const, Morsel*> >, std::less<int>, std::allocator<std::pair<int const, Morsel*> > >::_Reuse_or_alloc_node>(std::_Rb_tree_node<std::pair<int const, Morsel*> >*, std::_Rb_tree<int, std::pair<int const, Morsel*>, std::_Select1st<std::pair<int const, Morsel*> >, std::less<int>, std::allocator<std::pair<int const, Morsel*> > >::_Reuse_or_alloc_node&) (stl_tree.h:645)
==192864==    by 0x126557: std::_Rb_tree_node<std::pair<int const, Morsel*> >* std::_Rb_tree<int, std::pair<int const, Morsel*>, std::_Select1st<std::pair<int const, Morsel*> >, std::less<int>, std::allocator<std::pair<int const, Morsel*> > >::_M_copy<false, std::_Rb_tree<int, std::pair<int const, Morsel*>, std::_Select1st<std::pair<int const, Morsel*> >, std::less<int>, std::allocator<std::pair<int const, Morsel*> > >::_Reuse_or_alloc_node>(std::_Rb_tree_node<std::pair<int const, Morsel*> >*, std::_Rb_tree_node_base*, std::_Rb_tree<int, std::pair<int const, Morsel*>, std::_Select1st<std::pair<int const, Morsel*> >, std::less<int>, std::allocator<std::pair<int const, Morsel*> > >::_Reuse_or_alloc_node&) (stl_tree.h:1849)
==192864==    by 0x126597: std::_Rb_tree_node<std::pair<int const, Morsel*> >* std::_Rb_tree<int, std::pair<int const, Morsel*>, std::_Select1st<std::pair<int const, Morsel*> >, std::less<int>, std::allocator<std::pair<int const, Morsel*> > >::_M_copy<false, std::_Rb_tree<int, std::pair<int const, Morsel*>, std::_Select1st<std::pair<int const, Morsel*> >, std::less<int>, std::allocator<std::pair<int const, Morsel*> > >::_Reuse_or_alloc_node>(std::_Rb_tree_node<std::pair<int const, Morsel*> >*, std::_Rb_tree_node_base*, std::_Rb_tree<int, std::pair<int const, Morsel*>, std::_Select1st<std::pair<int const, Morsel*> >, std::less<int>, std::allocator<std::pair<int const, Morsel*> > >::_Reuse_or_alloc_node&) (stl_tree.h:1856)
==192864==    by 0x126597: std::_Rb_tree_node<std::pair<int const, Morsel*> >* std::_Rb_tree<int, std::pair<int const, Morsel*>, std::_Select1st<std::pair<int const, Morsel*> >, std::less<int>, std::allocator<std::pair<int const, Morsel*> > >::_M_copy<false, std::_Rb_tree<int, std::pair<int const, Morsel*>, std::_Select1st<std::pair<int const, Morsel*> >, std::less<int>, std::allocator<std::pair<int const, Morsel*> > >::_Reuse_or_alloc_node>(std::_Rb_tree_node<std::pair<int const, Morsel*> >*, std::_Rb_tree_node_base*, std::_Rb_tree<int, std::pair<int const, Morsel*>, std::_Select1st<std::pair<int const, Morsel*> >, std::less<int>, std::allocator<std::pair<int const, Morsel*> > >::_Reuse_or_alloc_node&) (stl_tree.h:1856)
==192864==    by 0x125EF8: std::_Rb_tree_node<std::pair<int const, Morsel*> >* std::_Rb_tree<int, std::pair<int const, Morsel*>, std::_Select1st<std::pair<int const, Morsel*> >, std::less<int>, std::allocator<std::pair<int const, Morsel*> > >::_M_copy<false, std::_Rb_tree<int, std::pair<int const, Morsel*>, std::_Select1st<std::pair<int const, Morsel*> >, std::less<int>, std::allocator<std::pair<int const, Morsel*> > >::_Reuse_or_alloc_node>(std::_Rb_tree<int, std::pair<int const, Morsel*>, std::_Select1st<std::pair<int const, Morsel*> >, std::less<int>, std::allocator<std::pair<int const, Morsel*> > > const&, std::_Rb_tree<int, std::pair<int const, Morsel*>, std::_Select1st<std::pair<int const, Morsel*> >, std::less<int>, std::allocator<std::pair<int const, Morsel*> > >::_Reuse_or_alloc_node&) (stl_tree.h:890)
==192864==    by 0x125710: std::_Rb_tree<int, std::pair<int const, Morsel*>, std::_Select1st<std::pair<int const, Morsel*> >, std::less<int>, std::allocator<std::pair<int const, Morsel*> > >::operator=(std::_Rb_tree<int, std::pair<int const, Morsel*>, std::_Select1st<std::pair<int const, Morsel*> >, std::less<int>, std::allocator<std::pair<int const, Morsel*> > > const&) (stl_tree.h:1757)
==192864== 
==192864== 50,400 bytes in 1,050 blocks are indirectly lost in loss record 72 of 90
==192864==    at 0x4849013: operator new(unsigned long) (in /usr/libexec/valgrind/vgpreload_memcheck-amd64-linux.so)
==192864==    by 0x118A36: __gnu_cxx::new_allocator<std::_Rb_tree_node<std::pair<int const, Morsel*> > >::allocate(unsigned long, void const*) (new_allocator.h:127)
==192864==    by 0x118159: std::allocator_traits<std::allocator<std::_Rb_tree_node<std::pair<int const, Morsel*> > > >::allocate(std::allocator<std::_Rb_tree_node<std::pair<int const, Morsel*> > >&, unsigned long) (alloc_traits.h:464)
==192864==    by 0x116DD2: std::_Rb_tree<int, std::pair<int const, Morsel*>, std::_Select1st<std::pair<int const, Morsel*> >, std::less<int>, std::allocator<std::pair<int const, Morsel*> > >::_M_get_node() (stl_tree.h:561)
==192864==    by 0x1279BB: std::_Rb_tree_node<std::pair<int const, Morsel*> >* std::_Rb_tree<int, std::pair<int const, Morsel*>, std::_Select1st<std::pair<int const, Morsel*> >, std::less<int>, std::allocator<std::pair<int const, Morsel*> > >::_M_create_node<std::pair<int const, Morsel*> const&>(std::pair<int const, Morsel*> const&) (stl_tree.h:611)
==192864==    by 0x127319: std::_Rb_tree_node<std::pair<int const, Morsel*> >* std::_Rb_tree<int, std::pair<int const, Morsel*>, std::_Select1st<std::pair<int const, Morsel*> >, std::less<int>, std::allocator<std::pair<int const, Morsel*> > >::_Reuse_or_alloc_node::operator()<std::pair<int const, Morsel*> const&>(std::pair<int const, Morsel*> const&) (stl_tree.h:476)
==192864==    by 0x126DD3: std::_Rb_tree_node<std::pair<int const, Morsel*> >* std::_Rb_tree<int, std::pair<int const, Morsel*>, std::_Select1st<std::pair<int const, Morsel*> >, std::less<int>, std::allocator<std::pair<int const, Morsel*> > >::_M_clone_node<false, std::_Rb_tree<int, std::pair<int const, Morsel*>, std::_Select1st<std::pair<int const, Morsel*> >, std::less<int>, std::allocator<std::pair<int const, Morsel*> > >::_Reuse_or_alloc_node>(std::_Rb_tree_node<std::pair<int const, Morsel*> >*, std::_Rb_tree<int, std::pair<int const, Morsel*>, std::_Select1st<std::pair<int const, Morsel*> >, std::less<int>, std::allocator<std::pair<int const, Morsel*> > >::_Reuse_or_alloc_node&) (stl_tree.h:645)
==192864==    by 0x1265D3: std::_Rb_tree_node<std::pair<int const, Morsel*> >* std::_Rb_tree<int, std::pair<int const, Morsel*>, std::_Select1st<std::pair<int const, Morsel*> >, std::less<int>, std::allocator<std::pair<int const, Morsel*> > >::_M_copy<false, std::_Rb_tree<int, std::pair<int const, Morsel*>, std::_Select1st<std::pair<int const, Morsel*> >, std::less<int>, std::allocator<std::pair<int const, Morsel*> > >::_Reuse_or_alloc_node>(std::_Rb_tree_node<std::pair<int const, Morsel*> >*, std::_Rb_tree_node_base*, std::_Rb_tree<int, std::pair<int const, Morsel*>, std::_Select1st<std::pair<int const, Morsel*> >, std::less<int>, std::allocator<std::pair<int const, Morsel*> > >::_Reuse_or_alloc_node&) (stl_tree.h:1862)
==192864==    by 0x125EF8: std::_Rb_tree_node<std::pair<int const, Morsel*> >* std::_Rb_tree<int, std::pair<int const, Morsel*>, std::_Select1st<std::pair<int const, Morsel*> >, std::less<int>, std::allocator<std::pair<int const, Morsel*> > >::_M_copy<false, std::_Rb_tree<int, std::pair<int const, Morsel*>, std::_Select1st<std::pair<int const, Morsel*> >, std::less<int>, std::allocator<std::pair<int const, Morsel*> > >::_Reuse_or_alloc_node>(std::_Rb_tree<int, std::pair<int const, Morsel*>, std::_Select1st<std::pair<int const, Morsel*> >, std::less<int>, std::allocator<std::pair<int const, Morsel*> > > const&, std::_Rb_tree<int, std::pair<int const, Morsel*>, std::_Select1st<std::pair<int const, Morsel*> >, std::less<int>, std::allocator<std::pair<int const, Morsel*> > >::_Reuse_or_alloc_node&) (stl_tree.h:890)
==192864==    by 0x125710: std::_Rb_tree<int, std::pair<int const, Morsel*>, std::_Select1st<std::pair<int const, Morsel*> >, std::less<int>, std::allocator<std::pair<int const, Morsel*> > >::operator=(std::_Rb_tree<int, std::pair<int const, Morsel*>, std::_Select1st<std::pair<int const, Morsel*> >, std::less<int>, std::allocator<std::pair<int const, Morsel*> > > const&) (stl_tree.h:1757)
==192864==    by 0x125234: std::map<int, Morsel*, std::less<int>, std::allocator<std::pair<int const, Morsel*> > >::operator=(std::map<int, Morsel*, std::less<int>, std::allocator<std::pair<int const, Morsel*> > > const&) (stl_map.h:319)
==192864==    by 0x124B77: RelationCatalog::getTableEntry(std::__cxx11::basic_string<char, std::char_traits<char>, std::allocator<char> > const&, RelationCatalogEntry*) (relcat.cpp:131)
==192864== 
==192864== 72,704 bytes in 1 blocks are still reachable in loss record 73 of 90
==192864==    at 0x4848899: malloc (in /usr/libexec/valgrind/vgpreload_memcheck-amd64-linux.so)
==192864==    by 0x49A7979: ??? (in /usr/lib/x86_64-linux-gnu/libstdc++.so.6.0.30)
==192864==    by 0x400647D: call_init.part.0 (dl-init.c:70)
==192864==    by 0x4006567: call_init (dl-init.c:33)
==192864==    by 0x4006567: _dl_init (dl-init.c:117)
==192864==    by 0x40202E9: ??? (in /usr/lib/x86_64-linux-gnu/ld-linux-x86-64.so.2)
==192864== 
==192864== 107,100 bytes in 6,300 blocks are indirectly lost in loss record 74 of 90
==192864==    at 0x4849013: operator new(unsigned long) (in /usr/libexec/valgrind/vgpreload_memcheck-amd64-linux.so)
==192864==    by 0x4A4BAD9: void std::__cxx11::basic_string<char, std::char_traits<char>, std::allocator<char> >::_M_construct<char*>(char*, char*, std::forward_iterator_tag) (in /usr/lib/x86_64-linux-gnu/libstdc++.so.6.0.30)
==192864==    by 0x11A51E: Attribute::Attribute(Attribute const&) (attribute.h:4)
==192864==    by 0x11CF4E: void __gnu_cxx::new_allocator<std::_List_node<Attribute> >::construct<Attribute, Attribute const&>(Attribute*, Attribute const&) (new_allocator.h:162)
==192864==    by 0x11CDCA: void std::allocator_traits<std::allocator<std::_List_node<Attribute> > >::construct<Attribute, Attribute const&>(std::allocator<std::_List_node<Attribute> >&, Attribute*, Attribute const&) (alloc_traits.h:516)
==192864==    by 0x11CBDC: std::_List_node<Attribute>* std::__cxx11::list<Attribute, std::allocator<Attribute> >::_M_create_node<Attribute const&>(Attribute const&) (stl_list.h:637)
==192864==    by 0x11C7FD: void std::__cxx11::list<Attribute, std::allocator<Attribute> >::_M_insert<Attribute const&>(std::_List_iterator<Attribute>, Attribute const&) (stl_list.h:1911)
==192864==    by 0x11C4C4: Attribute& std::__cxx11::list<Attribute, std::allocator<Attribute> >::emplace_back<Attribute const&>(Attribute const&) (stl_list.h:1227)
==192864==    by 0x11BFE3: void std::__cxx11::list<Attribute, std::allocator<Attribute> >::_M_initialize_dispatch<std::_List_const_iterator<Attribute> >(std::_List_const_iterator<Attribute>, std::_List_const_iterator<Attribute>, std::__false_type) (stl_list.h:1840)
==192864==    by 0x126C00: std::__cxx11::list<Attribute, std::allocator<Attribute> >::list<std::_List_const_iterator<Attribute>, void>(std::_List_const_iterator<Attribute>, std::_List_const_iterator<Attribute>, std::allocator<Attribute> const&) (stl_list.h:806)
==192864==    by 0x126346: std::_List_iterator<Attribute> std::__cxx11::list<Attribute, std::allocator<Attribute> >::insert<std::_List_const_iterator<Attribute>, void>(std::_List_const_iterator<Attribute>, std::_List_const_iterator<Attribute>, std::_List_const_iterator<Attribute>) (list.tcc:137)
==192864==    by 0x125C48: void std::__cxx11::list<Attribute, std::allocator<Attribute> >::_M_assign_dispatch<std::_List_const_iterator<Attribute> >(std::_List_const_iterator<Attribute>, std::_List_const_iterator<Attribute>, std::__false_type) (list.tcc:320)
==192864== 
==192864== 403,200 bytes in 6,300 blocks are indirectly lost in loss record 75 of 90
==192864==    at 0x4849013: operator new(unsigned long) (in /usr/libexec/valgrind/vgpreload_memcheck-amd64-linux.so)
==192864==    by 0x11CE47: __gnu_cxx::new_allocator<std::_List_node<Attribute> >::allocate(unsigned long, void const*) (new_allocator.h:127)
==192864==    by 0x11CC66: std::allocator_traits<std::allocator<std::_List_node<Attribute> > >::allocate(std::allocator<std::_List_node<Attribute> >&, unsigned long) (alloc_traits.h:464)
==192864==    by 0x11C84A: std::__cxx11::_List_base<Attribute, std::allocator<Attribute> >::_M_get_node() (stl_list.h:442)
==192864==    by 0x11CB81: std::_List_node<Attribute>* std::__cxx11::list<Attribute, std::allocator<Attribute> >::_M_create_node<Attribute const&>(Attribute const&) (stl_list.h:634)
==192864==    by 0x11C7FD: void std::__cxx11::list<Attribute, std::allocator<Attribute> >::_M_insert<Attribute const&>(std::_List_iterator<Attribute>, Attribute const&) (stl_list.h:1911)
==192864==    by 0x11C4C4: Attribute& std::__cxx11::list<Attribute, std::allocator<Attribute> >::emplace_back<Attribute const&>(Attribute const&) (stl_list.h:1227)
==192864==    by 0x11BFE3: void std::__cxx11::list<Attribute, std::allocator<Attribute> >::_M_initialize_dispatch<std::_List_const_iterator<Attribute> >(std::_List_const_iterator<Attribute>, std::_List_const_iterator<Attribute>, std::__false_type) (stl_list.h:1840)
==192864==    by 0x126C00: std::__cxx11::list<Attribute, std::allocator<Attribute> >::list<std::_List_const_iterator<Attribute>, void>(std::_List_const_iterator<Attribute>, std::_List_const_iterator<Attribute>, std::allocator<Attribute> const&) (stl_list.h:806)
==192864==    by 0x126346: std::_List_iterator<Attribute> std::__cxx11::list<Attribute, std::allocator<Attribute> >::insert<std::_List_const_iterator<Attribute>, void>(std::_List_const_iterator<Attribute>, std::_List_const_iterator<Attribute>, std::_List_const_iterator<Attribute>) (list.tcc:137)
==192864==    by 0x125C48: void std::__cxx11::list<Attribute, std::allocator<Attribute> >::_M_assign_dispatch<std::_List_const_iterator<Attribute> >(std::_List_const_iterator<Attribute>, std::_List_const_iterator<Attribute>, std::__false_type) (list.tcc:320)
==192864==    by 0x125468: std::__cxx11::list<Attribute, std::allocator<Attribute> >::operator=(std::__cxx11::list<Attribute, std::allocator<Attribute> > const&) (list.tcc:286)
==192864== 
==192864== 428,400 bytes in 25,200 blocks are indirectly lost in loss record 76 of 90
==192864==    at 0x4849013: operator new(unsigned long) (in /usr/libexec/valgrind/vgpreload_memcheck-amd64-linux.so)
==192864==    by 0x4A4BAD9: void std::__cxx11::basic_string<char, std::char_traits<char>, std::allocator<char> >::_M_construct<char*>(char*, char*, std::forward_iterator_tag) (in /usr/lib/x86_64-linux-gnu/libstdc++.so.6.0.30)
==192864==    by 0x11A51E: Attribute::Attribute(Attribute const&) (attribute.h:4)
==192864==    by 0x11CF4E: void __gnu_cxx::new_allocator<std::_List_node<Attribute> >::construct<Attribute, Attribute const&>(Attribute*, Attribute const&) (new_allocator.h:162)
==192864==    by 0x11CDCA: void std::allocator_traits<std::allocator<std::_List_node<Attribute> > >::construct<Attribute, Attribute const&>(std::allocator<std::_List_node<Attribute> >&, Attribute*, Attribute const&) (alloc_traits.h:516)
==192864==    by 0x11CBDC: std::_List_node<Attribute>* std::__cxx11::list<Attribute, std::allocator<Attribute> >::_M_create_node<Attribute const&>(Attribute const&) (stl_list.h:637)
==192864==    by 0x11C7FD: void std::__cxx11::list<Attribute, std::allocator<Attribute> >::_M_insert<Attribute const&>(std::_List_iterator<Attribute>, Attribute const&) (stl_list.h:1911)
==192864==    by 0x11C4C4: Attribute& std::__cxx11::list<Attribute, std::allocator<Attribute> >::emplace_back<Attribute const&>(Attribute const&) (stl_list.h:1227)
==192864==    by 0x11BFE3: void std::__cxx11::list<Attribute, std::allocator<Attribute> >::_M_initialize_dispatch<std::_List_const_iterator<Attribute> >(std::_List_const_iterator<Attribute>, std::_List_const_iterator<Attribute>, std::__false_type) (stl_list.h:1840)
==192864==    by 0x11B8BC: std::__cxx11::list<Attribute, std::allocator<Attribute> >::list(std::__cxx11::list<Attribute, std::allocator<Attribute> > const&) (stl_list.h:738)
==192864==    by 0x1243F0: RelationCatalogEntry::getAttributes[abi:cxx11]() (relcat.cpp:13)
==192864==    by 0x11A63E: TupleStream::TupleStream(RelationCatalogEntry*, int) (tuple.cpp:23)
==192864== 
==192864== 528,000 bytes in 2 blocks are still reachable in loss record 77 of 90
==192864==    at 0x4848899: malloc (in /usr/libexec/valgrind/vgpreload_memcheck-amd64-linux.so)
==192864==    by 0x1230D3: Morsel::Morsel(int, int) (morsel.cpp:10)
==192864==    by 0x12343D: Morsel::insertEntry(void*) (morsel.cpp:74)
==192864==    by 0x11AD27: WriteTupleStream::insert(void*) (tuple.cpp:145)
==192864==    by 0x11A3DA: fn_join_loop(LoopFnArgs) (loop_functions.cpp:147)
==192864==    by 0x11805A: bool std::__invoke_impl<bool, bool (*&)(LoopFnArgs), LoopFnArgs>(std::__invoke_other, bool (*&)(LoopFnArgs), LoopFnArgs&&) (invoke.h:61)
==192864==    by 0x116AD7: std::enable_if<is_invocable_r_v<bool, bool (*&)(LoopFnArgs), LoopFnArgs>, bool>::type std::__invoke_r<bool, bool (*&)(LoopFnArgs), LoopFnArgs>(bool (*&)(LoopFnArgs), LoopFnArgs&&) (invoke.h:114)
==192864==    by 0x115027: std::_Function_handler<bool (LoopFnArgs), bool (*)(LoopFnArgs)>::_M_invoke(std::_Any_data const&, LoopFnArgs&&) (std_function.h:290)
==192864==    by 0x1242E7: std::function<bool (LoopFnArgs)>::operator()(LoopFnArgs) const (std_function.h:590)
==192864==    by 0x124205: Operator::loop(std::function<bool (LoopFnArgs)>, LoopFnArgs, int) (operators.cpp:50)
==192864==    by 0x111CEC: QEP::handleJoin(int, hsql::SelectStatement const*) (dispatcher.cpp:387)
==192864==    by 0x1120A9: QEP::handleSelect(int) (dispatcher.cpp:422)
==192864== 
==192864== 821,100 (109,200 direct, 711,900 indirect) bytes in 1,050 blocks are definitely lost in loss record 78 of 90
==192864==    at 0x4849013: operator new(unsigned long) (in /usr/libexec/valgrind/vgpreload_memcheck-amd64-linux.so)
==192864==    by 0x119FC6: fn_join_loop(LoopFnArgs) (loop_functions.cpp:83)
==192864==    by 0x11805A: bool std::__invoke_impl<bool, bool (*&)(LoopFnArgs), LoopFnArgs>(std::__invoke_other, bool (*&)(LoopFnArgs), LoopFnArgs&&) (invoke.h:61)
==192864==    by 0x116AD7: std::enable_if<is_invocable_r_v<bool, bool (*&)(LoopFnArgs), LoopFnArgs>, bool>::type std::__invoke_r<bool, bool (*&)(LoopFnArgs), LoopFnArgs>(bool (*&)(LoopFnArgs), LoopFnArgs&&) (invoke.h:114)
==192864==    by 0x115027: std::_Function_handler<bool (LoopFnArgs), bool (*)(LoopFnArgs)>::_M_invoke(std::_Any_data const&, LoopFnArgs&&) (std_function.h:290)
==192864==    by 0x1242E7: std::function<bool (LoopFnArgs)>::operator()(LoopFnArgs) const (std_function.h:590)
==192864==    by 0x124205: Operator::loop(std::function<bool (LoopFnArgs)>, LoopFnArgs, int) (operators.cpp:50)
==192864==    by 0x111CEC: QEP::handleJoin(int, hsql::SelectStatement const*) (dispatcher.cpp:387)
==192864==    by 0x1120A9: QEP::handleSelect(int) (dispatcher.cpp:422)
==192864==    by 0x112508: QEP::execute(int) (dispatcher.cpp:514)
==192864==    by 0x110523: int std::__invoke_impl<int, int (*)(int), int>(std::__invoke_other, int (*&&)(int), int&&) (invoke.h:61)
==192864==    by 0x110499: std::__invoke_result<int (*)(int), int>::type std::__invoke<int (*)(int), int>(int (*&&)(int), int&&) (invoke.h:96)
==192864== 
==192864== 1,056,000 bytes in 4 blocks are still reachable in loss record 79 of 90
==192864==    at 0x4848899: malloc (in /usr/libexec/valgrind/vgpreload_memcheck-amd64-linux.so)
==192864==    by 0x1230D3: Morsel::Morsel(int, int) (morsel.cpp:10)
==192864==    by 0x124966: RelationCatalog::insertNewTable(std::__cxx11::basic_string<char, std::char_traits<char>, std::allocator<char> > const&, std::__cxx11::list<std::__cxx11::basic_string<char, std::char_traits<char>, std::allocator<char> >, std::allocator<std::__cxx11::basic_string<char, std::char_traits<char>, std::allocator<char> > > > const&, std::__cxx11::list<int, std::allocator<int> > const&) (relcat.cpp:113)
==192864==    by 0x11DDFD: create_table_test_random(std::__cxx11::basic_string<char, std::char_traits<char>, std::allocator<char> >) (test.cpp:140)
==192864==    by 0x10F0D3: main (app.cpp:24)
==192864== 
==192864== 1,056,000 bytes in 4 blocks are still reachable in loss record 80 of 90
==192864==    at 0x4848899: malloc (in /usr/libexec/valgrind/vgpreload_memcheck-amd64-linux.so)
==192864==    by 0x1230D3: Morsel::Morsel(int, int) (morsel.cpp:10)
==192864==    by 0x12343D: Morsel::insertEntry(void*) (morsel.cpp:74)
==192864==    by 0x12345A: Morsel::insertEntry(void*) (morsel.cpp:76)
==192864==    by 0x12345A: Morsel::insertEntry(void*) (morsel.cpp:76)
==192864==    by 0x112BAF: RelationCatalog::appendToThreadMapMorsel(std::__cxx11::basic_string<char, std::char_traits<char>, std::allocator<char> > const&, int, void*) (relcat.h:49)
==192864==    by 0x11E736: initMorselRandom(int, std::__cxx11::basic_string<char, std::char_traits<char>, std::allocator<char> >, int, int) (test.cpp:230)
==192864==    by 0x122F57: void std::__invoke_impl<void, void (*)(int, std::__cxx11::basic_string<char, std::char_traits<char>, std::allocator<char> >, int, int), int, std::__cxx11::basic_string<char, std::char_traits<char>, std::allocator<char> >, int, int>(std::__invoke_other, void (*&&)(int, std::__cxx11::basic_string<char, std::char_traits<char>, std::allocator<char> >, int, int), int&&, std::__cxx11::basic_string<char, std::char_traits<char>, std::allocator<char> >&&, int&&, int&&) (invoke.h:61)
==192864==    by 0x122E07: std::__invoke_result<void (*)(int, std::__cxx11::basic_string<char, std::char_traits<char>, std::allocator<char> >, int, int), int, std::__cxx11::basic_string<char, std::char_traits<char>, std::allocator<char> >, int, int>::type std::__invoke<void (*)(int, std::__cxx11::basic_string<char, std::char_traits<char>, std::allocator<char> >, int, int), int, std::__cxx11::basic_string<char, std::char_traits<char>, std::allocator<char> >, int, int>(void (*&&)(int, std::__cxx11::basic_string<char, std::char_traits<char>, std::allocator<char> >, int, int), int&&, std::__cxx11::basic_string<char, std::char_traits<char>, std::allocator<char> >&&, int&&, int&&) (invoke.h:96)
==192864==    by 0x122CA6: void std::thread::_Invoker<std::tuple<void (*)(int, std::__cxx11::basic_string<char, std::char_traits<char>, std::allocator<char> >, int, int), int, std::__cxx11::basic_string<char, std::char_traits<char>, std::allocator<char> >, int, int> >::_M_invoke<0ul, 1ul, 2ul, 3ul, 4ul>(std::_Index_tuple<0ul, 1ul, 2ul, 3ul, 4ul>) (std_thread.h:253)
==192864==    by 0x122C07: std::thread::_Invoker<std::tuple<void (*)(int, std::__cxx11::basic_string<char, std::char_traits<char>, std::allocator<char> >, int, int), int, std::__cxx11::basic_string<char, std::char_traits<char>, std::allocator<char> >, int, int> >::operator()() (std_thread.h:260)
==192864==    by 0x122BE7: std::thread::_State_impl<std::thread::_Invoker<std::tuple<void (*)(int, std::__cxx11::basic_string<char, std::char_traits<char>, std::allocator<char> >, int, int), int, std::__cxx11::basic_string<char, std::char_traits<char>, std::allocator<char> >, int, int> > >::_M_run() (std_thread.h:211)
==192864== 
==192864== 1,056,000 bytes in 4 blocks are still reachable in loss record 81 of 90
==192864==    at 0x4848899: malloc (in /usr/libexec/valgrind/vgpreload_memcheck-amd64-linux.so)
==192864==    by 0x1230D3: Morsel::Morsel(int, int) (morsel.cpp:10)
==192864==    by 0x12343D: Morsel::insertEntry(void*) (morsel.cpp:74)
==192864==    by 0x12345A: Morsel::insertEntry(void*) (morsel.cpp:76)
==192864==    by 0x12345A: Morsel::insertEntry(void*) (morsel.cpp:76)
==192864==    by 0x12345A: Morsel::insertEntry(void*) (morsel.cpp:76)
==192864==    by 0x112BAF: RelationCatalog::appendToThreadMapMorsel(std::__cxx11::basic_string<char, std::char_traits<char>, std::allocator<char> > const&, int, void*) (relcat.h:49)
==192864==    by 0x11E736: initMorselRandom(int, std::__cxx11::basic_string<char, std::char_traits<char>, std::allocator<char> >, int, int) (test.cpp:230)
==192864==    by 0x122F57: void std::__invoke_impl<void, void (*)(int, std::__cxx11::basic_string<char, std::char_traits<char>, std::allocator<char> >, int, int), int, std::__cxx11::basic_string<char, std::char_traits<char>, std::allocator<char> >, int, int>(std::__invoke_other, void (*&&)(int, std::__cxx11::basic_string<char, std::char_traits<char>, std::allocator<char> >, int, int), int&&, std::__cxx11::basic_string<char, std::char_traits<char>, std::allocator<char> >&&, int&&, int&&) (invoke.h:61)
==192864==    by 0x122E07: std::__invoke_result<void (*)(int, std::__cxx11::basic_string<char, std::char_traits<char>, std::allocator<char> >, int, int), int, std::__cxx11::basic_string<char, std::char_traits<char>, std::allocator<char> >, int, int>::type std::__invoke<void (*)(int, std::__cxx11::basic_string<char, std::char_traits<char>, std::allocator<char> >, int, int), int, std::__cxx11::basic_string<char, std::char_traits<char>, std::allocator<char> >, int, int>(void (*&&)(int, std::__cxx11::basic_string<char, std::char_traits<char>, std::allocator<char> >, int, int), int&&, std::__cxx11::basic_string<char, std::char_traits<char>, std::allocator<char> >&&, int&&, int&&) (invoke.h:96)
==192864==    by 0x122CA6: void std::thread::_Invoker<std::tuple<void (*)(int, std::__cxx11::basic_string<char, std::char_traits<char>, std::allocator<char> >, int, int), int, std::__cxx11::basic_string<char, std::char_traits<char>, std::allocator<char> >, int, int> >::_M_invoke<0ul, 1ul, 2ul, 3ul, 4ul>(std::_Index_tuple<0ul, 1ul, 2ul, 3ul, 4ul>) (std_thread.h:253)
==192864==    by 0x122C07: std::thread::_Invoker<std::tuple<void (*)(int, std::__cxx11::basic_string<char, std::char_traits<char>, std::allocator<char> >, int, int), int, std::__cxx11::basic_string<char, std::char_traits<char>, std::allocator<char> >, int, int> >::operator()() (std_thread.h:260)
==192864== 
==192864== 1,056,000 bytes in 4 blocks are still reachable in loss record 82 of 90
==192864==    at 0x4848899: malloc (in /usr/libexec/valgrind/vgpreload_memcheck-amd64-linux.so)
==192864==    by 0x1230D3: Morsel::Morsel(int, int) (morsel.cpp:10)
==192864==    by 0x12343D: Morsel::insertEntry(void*) (morsel.cpp:74)
==192864==    by 0x12345A: Morsel::insertEntry(void*) (morsel.cpp:76)
==192864==    by 0x12345A: Morsel::insertEntry(void*) (morsel.cpp:76)
==192864==    by 0x12345A: Morsel::insertEntry(void*) (morsel.cpp:76)
==192864==    by 0x12345A: Morsel::insertEntry(void*) (morsel.cpp:76)
==192864==    by 0x112BAF: RelationCatalog::appendToThreadMapMorsel(std::__cxx11::basic_string<char, std::char_traits<char>, std::allocator<char> > const&, int, void*) (relcat.h:49)
==192864==    by 0x11E736: initMorselRandom(int, std::__cxx11::basic_string<char, std::char_traits<char>, std::allocator<char> >, int, int) (test.cpp:230)
==192864==    by 0x122F57: void std::__invoke_impl<void, void (*)(int, std::__cxx11::basic_string<char, std::char_traits<char>, std::allocator<char> >, int, int), int, std::__cxx11::basic_string<char, std::char_traits<char>, std::allocator<char> >, int, int>(std::__invoke_other, void (*&&)(int, std::__cxx11::basic_string<char, std::char_traits<char>, std::allocator<char> >, int, int), int&&, std::__cxx11::basic_string<char, std::char_traits<char>, std::allocator<char> >&&, int&&, int&&) (invoke.h:61)
==192864==    by 0x122E07: std::__invoke_result<void (*)(int, std::__cxx11::basic_string<char, std::char_traits<char>, std::allocator<char> >, int, int), int, std::__cxx11::basic_string<char, std::char_traits<char>, std::allocator<char> >, int, int>::type std::__invoke<void (*)(int, std::__cxx11::basic_string<char, std::char_traits<char>, std::allocator<char> >, int, int), int, std::__cxx11::basic_string<char, std::char_traits<char>, std::allocator<char> >, int, int>(void (*&&)(int, std::__cxx11::basic_string<char, std::char_traits<char>, std::allocator<char> >, int, int), int&&, std::__cxx11::basic_string<char, std::char_traits<char>, std::allocator<char> >&&, int&&, int&&) (invoke.h:96)
==192864==    by 0x122CA6: void std::thread::_Invoker<std::tuple<void (*)(int, std::__cxx11::basic_string<char, std::char_traits<char>, std::allocator<char> >, int, int), int, std::__cxx11::basic_string<char, std::char_traits<char>, std::allocator<char> >, int, int> >::_M_invoke<0ul, 1ul, 2ul, 3ul, 4ul>(std::_Index_tuple<0ul, 1ul, 2ul, 3ul, 4ul>) (std_thread.h:253)
==192864== 
==192864== 1,056,000 bytes in 4 blocks are still reachable in loss record 83 of 90
==192864==    at 0x4848899: malloc (in /usr/libexec/valgrind/vgpreload_memcheck-amd64-linux.so)
==192864==    by 0x1230D3: Morsel::Morsel(int, int) (morsel.cpp:10)
==192864==    by 0x12343D: Morsel::insertEntry(void*) (morsel.cpp:74)
==192864==    by 0x12345A: Morsel::insertEntry(void*) (morsel.cpp:76)
==192864==    by 0x12345A: Morsel::insertEntry(void*) (morsel.cpp:76)
==192864==    by 0x12345A: Morsel::insertEntry(void*) (morsel.cpp:76)
==192864==    by 0x12345A: Morsel::insertEntry(void*) (morsel.cpp:76)
==192864==    by 0x12345A: Morsel::insertEntry(void*) (morsel.cpp:76)
==192864==    by 0x112BAF: RelationCatalog::appendToThreadMapMorsel(std::__cxx11::basic_string<char, std::char_traits<char>, std::allocator<char> > const&, int, void*) (relcat.h:49)
==192864==    by 0x11E736: initMorselRandom(int, std::__cxx11::basic_string<char, std::char_traits<char>, std::allocator<char> >, int, int) (test.cpp:230)
==192864==    by 0x122F57: void std::__invoke_impl<void, void (*)(int, std::__cxx11::basic_string<char, std::char_traits<char>, std::allocator<char> >, int, int), int, std::__cxx11::basic_string<char, std::char_traits<char>, std::allocator<char> >, int, int>(std::__invoke_other, void (*&&)(int, std::__cxx11::basic_string<char, std::char_traits<char>, std::allocator<char> >, int, int), int&&, std::__cxx11::basic_string<char, std::char_traits<char>, std::allocator<char> >&&, int&&, int&&) (invoke.h:61)
==192864==    by 0x122E07: std::__invoke_result<void (*)(int, std::__cxx11::basic_string<char, std::char_traits<char>, std::allocator<char> >, int, int), int, std::__cxx11::basic_string<char, std::char_traits<char>, std::allocator<char> >, int, int>::type std::__invoke<void (*)(int, std::__cxx11::basic_string<char, std::char_traits<char>, std::allocator<char> >, int, int), int, std::__cxx11::basic_string<char, std::char_traits<char>, std::allocator<char> >, int, int>(void (*&&)(int, std::__cxx11::basic_string<char, std::char_traits<char>, std::allocator<char> >, int, int), int&&, std::__cxx11::basic_string<char, std::char_traits<char>, std::allocator<char> >&&, int&&, int&&) (invoke.h:96)
==192864== 
==192864== 1,056,000 bytes in 4 blocks are still reachable in loss record 84 of 90
==192864==    at 0x4848899: malloc (in /usr/libexec/valgrind/vgpreload_memcheck-amd64-linux.so)
==192864==    by 0x1230D3: Morsel::Morsel(int, int) (morsel.cpp:10)
==192864==    by 0x124966: RelationCatalog::insertNewTable(std::__cxx11::basic_string<char, std::char_traits<char>, std::allocator<char> > const&, std::__cxx11::list<std::__cxx11::basic_string<char, std::char_traits<char>, std::allocator<char> >, std::allocator<std::__cxx11::basic_string<char, std::char_traits<char>, std::allocator<char> > > > const&, std::__cxx11::list<int, std::allocator<int> > const&) (relcat.cpp:113)
==192864==    by 0x11DDFD: create_table_test_random(std::__cxx11::basic_string<char, std::char_traits<char>, std::allocator<char> >) (test.cpp:140)
==192864==    by 0x10F0FE: main (app.cpp:25)
==192864== 
==192864== 1,056,000 bytes in 4 blocks are still reachable in loss record 85 of 90
==192864==    at 0x4848899: malloc (in /usr/libexec/valgrind/vgpreload_memcheck-amd64-linux.so)
==192864==    by 0x1230D3: Morsel::Morsel(int, int) (morsel.cpp:10)
==192864==    by 0x124966: RelationCatalog::insertNewTable(std::__cxx11::basic_string<char, std::char_traits<char>, std::allocator<char> > const&, std::__cxx11::list<std::__cxx11::basic_string<char, std::char_traits<char>, std::allocator<char> >, std::allocator<std::__cxx11::basic_string<char, std::char_traits<char>, std::allocator<char> > > > const&, std::__cxx11::list<int, std::allocator<int> > const&) (relcat.cpp:113)
==192864==    by 0x111B3B: QEP::handleJoin(int, hsql::SelectStatement const*) (dispatcher.cpp:340)
==192864==    by 0x1120A9: QEP::handleSelect(int) (dispatcher.cpp:422)
==192864==    by 0x112508: QEP::execute(int) (dispatcher.cpp:514)
==192864==    by 0x110523: int std::__invoke_impl<int, int (*)(int), int>(std::__invoke_other, int (*&&)(int), int&&) (invoke.h:61)
==192864==    by 0x110499: std::__invoke_result<int (*)(int), int>::type std::__invoke<int (*)(int), int>(int (*&&)(int), int&&) (invoke.h:96)
==192864==    by 0x1103FA: int std::thread::_Invoker<std::tuple<int (*)(int), int> >::_M_invoke<0ul, 1ul>(std::_Index_tuple<0ul, 1ul>) (std_thread.h:253)
==192864==    by 0x1103B1: std::thread::_Invoker<std::tuple<int (*)(int), int> >::operator()() (std_thread.h:260)
==192864==    by 0x110391: std::thread::_State_impl<std::thread::_Invoker<std::tuple<int (*)(int), int> > >::_M_run() (std_thread.h:211)
==192864==    by 0x49D92B2: ??? (in /usr/lib/x86_64-linux-gnu/libstdc++.so.6.0.30)
==192864== 
==192864== 1,612,800 bytes in 25,200 blocks are indirectly lost in loss record 86 of 90
==192864==    at 0x4849013: operator new(unsigned long) (in /usr/libexec/valgrind/vgpreload_memcheck-amd64-linux.so)
==192864==    by 0x11CE47: __gnu_cxx::new_allocator<std::_List_node<Attribute> >::allocate(unsigned long, void const*) (new_allocator.h:127)
==192864==    by 0x11CC66: std::allocator_traits<std::allocator<std::_List_node<Attribute> > >::allocate(std::allocator<std::_List_node<Attribute> >&, unsigned long) (alloc_traits.h:464)
==192864==    by 0x11C84A: std::__cxx11::_List_base<Attribute, std::allocator<Attribute> >::_M_get_node() (stl_list.h:442)
==192864==    by 0x11CB81: std::_List_node<Attribute>* std::__cxx11::list<Attribute, std::allocator<Attribute> >::_M_create_node<Attribute const&>(Attribute const&) (stl_list.h:634)
==192864==    by 0x11C7FD: void std::__cxx11::list<Attribute, std::allocator<Attribute> >::_M_insert<Attribute const&>(std::_List_iterator<Attribute>, Attribute const&) (stl_list.h:1911)
==192864==    by 0x11C4C4: Attribute& std::__cxx11::list<Attribute, std::allocator<Attribute> >::emplace_back<Attribute const&>(Attribute const&) (stl_list.h:1227)
==192864==    by 0x11BFE3: void std::__cxx11::list<Attribute, std::allocator<Attribute> >::_M_initialize_dispatch<std::_List_const_iterator<Attribute> >(std::_List_const_iterator<Attribute>, std::_List_const_iterator<Attribute>, std::__false_type) (stl_list.h:1840)
==192864==    by 0x11B8BC: std::__cxx11::list<Attribute, std::allocator<Attribute> >::list(std::__cxx11::list<Attribute, std::allocator<Attribute> > const&) (stl_list.h:738)
==192864==    by 0x1243F0: RelationCatalogEntry::getAttributes[abi:cxx11]() (relcat.cpp:13)
==192864==    by 0x11A63E: TupleStream::TupleStream(RelationCatalogEntry*, int) (tuple.cpp:23)
==192864==    by 0x112C9E: ReadTupleStream::ReadTupleStream(RelationCatalogEntry*, int) (tuple.h:50)
==192864== 
==192864== 2,112,000 bytes in 8 blocks are still reachable in loss record 87 of 90
==192864==    at 0x4848899: malloc (in /usr/libexec/valgrind/vgpreload_memcheck-amd64-linux.so)
==192864==    by 0x1230D3: Morsel::Morsel(int, int) (morsel.cpp:10)
==192864==    by 0x12343D: Morsel::insertEntry(void*) (morsel.cpp:74)
==192864==    by 0x112BAF: RelationCatalog::appendToThreadMapMorsel(std::__cxx11::basic_string<char, std::char_traits<char>, std::allocator<char> > const&, int, void*) (relcat.h:49)
==192864==    by 0x11E736: initMorselRandom(int, std::__cxx11::basic_string<char, std::char_traits<char>, std::allocator<char> >, int, int) (test.cpp:230)
==192864==    by 0x122F57: void std::__invoke_impl<void, void (*)(int, std::__cxx11::basic_string<char, std::char_traits<char>, std::allocator<char> >, int, int), int, std::__cxx11::basic_string<char, std::char_traits<char>, std::allocator<char> >, int, int>(std::__invoke_other, void (*&&)(int, std::__cxx11::basic_string<char, std::char_traits<char>, std::allocator<char> >, int, int), int&&, std::__cxx11::basic_string<char, std::char_traits<char>, std::allocator<char> >&&, int&&, int&&) (invoke.h:61)
==192864==    by 0x122E07: std::__invoke_result<void (*)(int, std::__cxx11::basic_string<char, std::char_traits<char>, std::allocator<char> >, int, int), int, std::__cxx11::basic_string<char, std::char_traits<char>, std::allocator<char> >, int, int>::type std::__invoke<void (*)(int, std::__cxx11::basic_string<char, std::char_traits<char>, std::allocator<char> >, int, int), int, std::__cxx11::basic_string<char, std::char_traits<char>, std::allocator<char> >, int, int>(void (*&&)(int, std::__cxx11::basic_string<char, std::char_traits<char>, std::allocator<char> >, int, int), int&&, std::__cxx11::basic_string<char, std::char_traits<char>, std::allocator<char> >&&, int&&, int&&) (invoke.h:96)
==192864==    by 0x122CA6: void std::thread::_Invoker<std::tuple<void (*)(int, std::__cxx11::basic_string<char, std::char_traits<char>, std::allocator<char> >, int, int), int, std::__cxx11::basic_string<char, std::char_traits<char>, std::allocator<char> >, int, int> >::_M_invoke<0ul, 1ul, 2ul, 3ul, 4ul>(std::_Index_tuple<0ul, 1ul, 2ul, 3ul, 4ul>) (std_thread.h:253)
==192864==    by 0x122C07: std::thread::_Invoker<std::tuple<void (*)(int, std::__cxx11::basic_string<char, std::char_traits<char>, std::allocator<char> >, int, int), int, std::__cxx11::basic_string<char, std::char_traits<char>, std::allocator<char> >, int, int> >::operator()() (std_thread.h:260)
==192864==    by 0x122BE7: std::thread::_State_impl<std::thread::_Invoker<std::tuple<void (*)(int, std::__cxx11::basic_string<char, std::char_traits<char>, std::allocator<char> >, int, int), int, std::__cxx11::basic_string<char, std::char_traits<char>, std::allocator<char> >, int, int> > >::_M_run() (std_thread.h:211)
==192864==    by 0x49D92B2: ??? (in /usr/lib/x86_64-linux-gnu/libstdc++.so.6.0.30)
==192864==    by 0x4BDBB42: start_thread (pthread_create.c:442)
==192864== 
==192864== 2,112,000 bytes in 8 blocks are still reachable in loss record 88 of 90
==192864==    at 0x4848899: malloc (in /usr/libexec/valgrind/vgpreload_memcheck-amd64-linux.so)
==192864==    by 0x1230D3: Morsel::Morsel(int, int) (morsel.cpp:10)
==192864==    by 0x12343D: Morsel::insertEntry(void*) (morsel.cpp:74)
==192864==    by 0x12345A: Morsel::insertEntry(void*) (morsel.cpp:76)
==192864==    by 0x112BAF: RelationCatalog::appendToThreadMapMorsel(std::__cxx11::basic_string<char, std::char_traits<char>, std::allocator<char> > const&, int, void*) (relcat.h:49)
==192864==    by 0x11E736: initMorselRandom(int, std::__cxx11::basic_string<char, std::char_traits<char>, std::allocator<char> >, int, int) (test.cpp:230)
==192864==    by 0x122F57: void std::__invoke_impl<void, void (*)(int, std::__cxx11::basic_string<char, std::char_traits<char>, std::allocator<char> >, int, int), int, std::__cxx11::basic_string<char, std::char_traits<char>, std::allocator<char> >, int, int>(std::__invoke_other, void (*&&)(int, std::__cxx11::basic_string<char, std::char_traits<char>, std::allocator<char> >, int, int), int&&, std::__cxx11::basic_string<char, std::char_traits<char>, std::allocator<char> >&&, int&&, int&&) (invoke.h:61)
==192864==    by 0x122E07: std::__invoke_result<void (*)(int, std::__cxx11::basic_string<char, std::char_traits<char>, std::allocator<char> >, int, int), int, std::__cxx11::basic_string<char, std::char_traits<char>, std::allocator<char> >, int, int>::type std::__invoke<void (*)(int, std::__cxx11::basic_string<char, std::char_traits<char>, std::allocator<char> >, int, int), int, std::__cxx11::basic_string<char, std::char_traits<char>, std::allocator<char> >, int, int>(void (*&&)(int, std::__cxx11::basic_string<char, std::char_traits<char>, std::allocator<char> >, int, int), int&&, std::__cxx11::basic_string<char, std::char_traits<char>, std::allocator<char> >&&, int&&, int&&) (invoke.h:96)
==192864==    by 0x122CA6: void std::thread::_Invoker<std::tuple<void (*)(int, std::__cxx11::basic_string<char, std::char_traits<char>, std::allocator<char> >, int, int), int, std::__cxx11::basic_string<char, std::char_traits<char>, std::allocator<char> >, int, int> >::_M_invoke<0ul, 1ul, 2ul, 3ul, 4ul>(std::_Index_tuple<0ul, 1ul, 2ul, 3ul, 4ul>) (std_thread.h:253)
==192864==    by 0x122C07: std::thread::_Invoker<std::tuple<void (*)(int, std::__cxx11::basic_string<char, std::char_traits<char>, std::allocator<char> >, int, int), int, std::__cxx11::basic_string<char, std::char_traits<char>, std::allocator<char> >, int, int> >::operator()() (std_thread.h:260)
==192864==    by 0x122BE7: std::thread::_State_impl<std::thread::_Invoker<std::tuple<void (*)(int, std::__cxx11::basic_string<char, std::char_traits<char>, std::allocator<char> >, int, int), int, std::__cxx11::basic_string<char, std::char_traits<char>, std::allocator<char> >, int, int> > >::_M_run() (std_thread.h:211)
==192864==    by 0x49D92B2: ??? (in /usr/lib/x86_64-linux-gnu/libstdc++.so.6.0.30)
==192864== 
==192864== 2,276,400 (235,200 direct, 2,041,200 indirect) bytes in 4,200 blocks are definitely lost in loss record 89 of 90
==192864==    at 0x4849013: operator new(unsigned long) (in /usr/libexec/valgrind/vgpreload_memcheck-amd64-linux.so)
==192864==    by 0x11A039: fn_join_loop(LoopFnArgs) (loop_functions.cpp:100)
==192864==    by 0x11805A: bool std::__invoke_impl<bool, bool (*&)(LoopFnArgs), LoopFnArgs>(std::__invoke_other, bool (*&)(LoopFnArgs), LoopFnArgs&&) (invoke.h:61)
==192864==    by 0x116AD7: std::enable_if<is_invocable_r_v<bool, bool (*&)(LoopFnArgs), LoopFnArgs>, bool>::type std::__invoke_r<bool, bool (*&)(LoopFnArgs), LoopFnArgs>(bool (*&)(LoopFnArgs), LoopFnArgs&&) (invoke.h:114)
==192864==    by 0x115027: std::_Function_handler<bool (LoopFnArgs), bool (*)(LoopFnArgs)>::_M_invoke(std::_Any_data const&, LoopFnArgs&&) (std_function.h:290)
==192864==    by 0x1242E7: std::function<bool (LoopFnArgs)>::operator()(LoopFnArgs) const (std_function.h:590)
==192864==    by 0x124205: Operator::loop(std::function<bool (LoopFnArgs)>, LoopFnArgs, int) (operators.cpp:50)
==192864==    by 0x111CEC: QEP::handleJoin(int, hsql::SelectStatement const*) (dispatcher.cpp:387)
==192864==    by 0x1120A9: QEP::handleSelect(int) (dispatcher.cpp:422)
==192864==    by 0x112508: QEP::execute(int) (dispatcher.cpp:514)
==192864==    by 0x110523: int std::__invoke_impl<int, int (*)(int), int>(std::__invoke_other, int (*&&)(int), int&&) (invoke.h:61)
==192864==    by 0x110499: std::__invoke_result<int (*)(int), int>::type std::__invoke<int (*)(int), int>(int (*&&)(int), int&&) (invoke.h:96)
==192864== 
==192864== 1,990,749,696 bytes in 3,888,183 blocks are definitely lost in loss record 90 of 90
==192864==    at 0x4848899: malloc (in /usr/libexec/valgrind/vgpreload_memcheck-amd64-linux.so)
==192864==    by 0x11A11F: fn_join_loop(LoopFnArgs) (loop_functions.cpp:116)
==192864==    by 0x11805A: bool std::__invoke_impl<bool, bool (*&)(LoopFnArgs), LoopFnArgs>(std::__invoke_other, bool (*&)(LoopFnArgs), LoopFnArgs&&) (invoke.h:61)
==192864==    by 0x116AD7: std::enable_if<is_invocable_r_v<bool, bool (*&)(LoopFnArgs), LoopFnArgs>, bool>::type std::__invoke_r<bool, bool (*&)(LoopFnArgs), LoopFnArgs>(bool (*&)(LoopFnArgs), LoopFnArgs&&) (invoke.h:114)
==192864==    by 0x115027: std::_Function_handler<bool (LoopFnArgs), bool (*)(LoopFnArgs)>::_M_invoke(std::_Any_data const&, LoopFnArgs&&) (std_function.h:290)
==192864==    by 0x1242E7: std::function<bool (LoopFnArgs)>::operator()(LoopFnArgs) const (std_function.h:590)
==192864==    by 0x124205: Operator::loop(std::function<bool (LoopFnArgs)>, LoopFnArgs, int) (operators.cpp:50)
==192864==    by 0x111CEC: QEP::handleJoin(int, hsql::SelectStatement const*) (dispatcher.cpp:387)
==192864==    by 0x1120A9: QEP::handleSelect(int) (dispatcher.cpp:422)
==192864==    by 0x112508: QEP::execute(int) (dispatcher.cpp:514)
==192864==    by 0x110523: int std::__invoke_impl<int, int (*)(int), int>(std::__invoke_other, int (*&&)(int), int&&) (invoke.h:61)
==192864==    by 0x110499: std::__invoke_result<int (*)(int), int>::type std::__invoke<int (*)(int), int>(int (*&&)(int), int&&) (invoke.h:96)
==192864== 
==192864== LEAK SUMMARY:
==192864==    definitely lost: 1,991,094,096 bytes in 3,893,433 blocks
==192864==    indirectly lost: 2,753,100 bytes in 67,200 blocks
==192864==      possibly lost: 27,840 bytes in 56 blocks
==192864==    still reachable: 12,229,376 bytes in 269 blocks
==192864==         suppressed: 0 bytes in 0 blocks
==192864== 
==192864== For lists of detected and suppressed errors, rerun with: -s
==192864== ERROR SUMMARY: 6 errors from 6 contexts (suppressed: 0 from 0)